# JRE version: Java(TM) SE Runtime Environment (8.0_201-b09) (build 1.8.0_201-b09)
# Java VM: Java HotSpot(TM) 64-Bit Server VM (25.201-b09 mixed mode windows-amd64 compressed oops)
Heap:
 PSYoungGen      total 72704K, used 40033K [0x00000000f5580000, 0x00000000fa380000, 0x0000000100000000)
  eden space 65536K, 61% used [0x00000000f5580000,0x00000000f7c98680,0x00000000f9580000)
  from space 7168K, 0% used [0x00000000f9c80000,0x00000000f9c80000,0x00000000fa380000)
  to   space 7168K, 0% used [0x00000000f9580000,0x00000000f9580000,0x00000000f9c80000)
 ParOldGen       total 43520K, used 13728K [0x00000000e0000000, 0x00000000e2a80000, 0x00000000f5580000)
  object space 43520K, 31% used [0x00000000e0000000,0x00000000e0d68070,0x00000000e2a80000)
 Metaspace       used 24284K, capacity 25784K, committed 25856K, reserved 1071104K
  class space    used 3071K, capacity 3548K, committed 3584K, reserved 1048576K
GC Heap History (10 events):
Event: 1.535 GC heap before
{Heap before GC invocations=3 (full 0):
 PSYoungGen      total 18944K, used 18689K [0x00000000f5580000, 0x00000000f7a80000, 0x0000000100000000)
  eden space 16384K, 98% used [0x00000000f5580000,0x00000000f6544380,0x00000000f6580000)
  from space 2560K, 99% used [0x00000000f6800000,0x00000000f6a7c310,0x00000000f6a80000)
  to   space 2560K, 0% used [0x00000000f6580000,0x00000000f6580000,0x00000000f6800000)
 ParOldGen       total 44032K, used 3360K [0x00000000e0000000, 0x00000000e2b00000, 0x00000000f5580000)
  object space 44032K, 7% used [0x00000000e0000000,0x00000000e03481e0,0x00000000e2b00000)
 Metaspace       used 15246K, capacity 15808K, committed 15872K, reserved 1062912K
  class space    used 1847K, capacity 2035K, committed 2048K, reserved 1048576K
Event: 1.541 GC heap after
Heap after GC invocations=3 (full 0):
 PSYoungGen      total 18944K, used 2547K [0x00000000f5580000, 0x00000000f7a80000, 0x0000000100000000)
  eden space 16384K, 0% used [0x00000000f5580000,0x00000000f5580000,0x00000000f6580000)
  from space 2560K, 99% used [0x00000000f6580000,0x00000000f67fcc58,0x00000000f6800000)
  to   space 2560K, 0% used [0x00000000f7800000,0x00000000f7800000,0x00000000f7a80000)
 ParOldGen       total 44032K, used 6743K [0x00000000e0000000, 0x00000000e2b00000, 0x00000000f5580000)
  object space 44032K, 15% used [0x00000000e0000000,0x00000000e0695e40,0x00000000e2b00000)
 Metaspace       used 15246K, capacity 15808K, committed 15872K, reserved 1062912K
  class space    used 1847K, capacity 2035K, committed 2048K, reserved 1048576K
}
Event: 1.806 GC heap before
{Heap before GC invocations=4 (full 0):
 PSYoungGen      total 18944K, used 18931K [0x00000000f5580000, 0x00000000f7a80000, 0x0000000100000000)
  eden space 16384K, 100% used [0x00000000f5580000,0x00000000f6580000,0x00000000f6580000)
  from space 2560K, 99% used [0x00000000f6580000,0x00000000f67fcc58,0x00000000f6800000)
  to   space 2560K, 0% used [0x00000000f7800000,0x00000000f7800000,0x00000000f7a80000)
 ParOldGen       total 44032K, used 6743K [0x00000000e0000000, 0x00000000e2b00000, 0x00000000f5580000)
  object space 44032K, 15% used [0x00000000e0000000,0x00000000e0695e40,0x00000000e2b00000)
 Metaspace       used 17104K, capacity 17668K, committed 17920K, reserved 1064960K
  class space    used 1996K, capacity 2181K, committed 2304K, reserved 1048576K
Event: 1.818 GC heap after
Heap after GC invocations=4 (full 0):
 PSYoungGen      total 35328K, used 2544K [0x00000000f5580000, 0x00000000f7a80000, 0x0000000100000000)
  eden space 32768K, 0% used [0x00000000f5580000,0x00000000f5580000,0x00000000f7580000)
  from space 2560K, 99% used [0x00000000f7800000,0x00000000f7a7c010,0x00000000f7a80000)
  to   space 2560K, 0% used [0x00000000f7580000,0x00000000f7580000,0x00000000f7800000)
 ParOldGen       total 44032K, used 10047K [0x00000000e0000000, 0x00000000e2b00000, 0x00000000f5580000)
  object space 44032K, 22% used [0x00000000e0000000,0x00000000e09cfd68,0x00000000e2b00000)
 Metaspace       used 17104K, capacity 17668K, committed 17920K, reserved 1064960K
  class space    used 1996K, capacity 2181K, committed 2304K, reserved 1048576K
}
Event: 2.361 GC heap before
{Heap before GC invocations=5 (full 0):
 PSYoungGen      total 35328K, used 35312K [0x00000000f5580000, 0x00000000f7a80000, 0x0000000100000000)
  eden space 32768K, 100% used [0x00000000f5580000,0x00000000f7580000,0x00000000f7580000)
  from space 2560K, 99% used [0x00000000f7800000,0x00000000f7a7c010,0x00000000f7a80000)
  to   space 2560K, 0% used [0x00000000f7580000,0x00000000f7580000,0x00000000f7800000)
 ParOldGen       total 44032K, used 10047K [0x00000000e0000000, 0x00000000e2b00000, 0x00000000f5580000)
  object space 44032K, 22% used [0x00000000e0000000,0x00000000e09cfd68,0x00000000e2b00000)
 Metaspace       used 18944K, capacity 20092K, committed 20352K, reserved 1067008K
  class space    used 2341K, capacity 2648K, committed 2688K, reserved 1048576K
Event: 2.370 GC heap after
Heap after GC invocations=5 (full 0):
 PSYoungGen      total 35328K, used 2560K [0x00000000f5580000, 0x00000000fa380000, 0x0000000100000000)
  eden space 32768K, 0% used [0x00000000f5580000,0x00000000f5580000,0x00000000f7580000)
  from space 2560K, 100% used [0x00000000f7580000,0x00000000f7800000,0x00000000f7800000)
  to   space 7168K, 0% used [0x00000000f9c80000,0x00000000f9c80000,0x00000000fa380000)
 ParOldGen       total 44032K, used 13375K [0x00000000e0000000, 0x00000000e2b00000, 0x00000000f5580000)
  object space 44032K, 30% used [0x00000000e0000000,0x00000000e0d0fe28,0x00000000e2b00000)
 Metaspace       used 18944K, capacity 20092K, committed 20352K, reserved 1067008K
  class space    used 2341K, capacity 2648K, committed 2688K, reserved 1048576K
}
Event: 2.497 GC heap before
{Heap before GC invocations=6 (full 0):
 PSYoungGen      total 35328K, used 15159K [0x00000000f5580000, 0x00000000fa380000, 0x0000000100000000)
  eden space 32768K, 38% used [0x00000000f5580000,0x00000000f61cdc68,0x00000000f7580000)
  from space 2560K, 100% used [0x00000000f7580000,0x00000000f7800000,0x00000000f7800000)
  to   space 7168K, 0% used [0x00000000f9c80000,0x00000000f9c80000,0x00000000fa380000)
 ParOldGen       total 44032K, used 13375K [0x00000000e0000000, 0x00000000e2b00000, 0x00000000f5580000)
  object space 44032K, 30% used [0x00000000e0000000,0x00000000e0d0fe28,0x00000000e2b00000)
 Metaspace       used 20013K, capacity 21200K, committed 21296K, reserved 1067008K
  class space    used 2485K, capacity 2849K, committed 2944K, reserved 1048576K
Event: 2.504 GC heap after
Heap after GC invocations=6 (full 0):
 PSYoungGen      total 72704K, used 3776K [0x00000000f5580000, 0x00000000fa380000, 0x0000000100000000)
  eden space 65536K, 0% used [0x00000000f5580000,0x00000000f5580000,0x00000000f9580000)
  from space 7168K, 52% used [0x00000000f9c80000,0x00000000fa030000,0x00000000fa380000)
  to   space 7168K, 0% used [0x00000000f9580000,0x00000000f9580000,0x00000000f9c80000)
 ParOldGen       total 44032K, used 13383K [0x00000000e0000000, 0x00000000e2b00000, 0x00000000f5580000)
  object space 44032K, 30% used [0x00000000e0000000,0x00000000e0d11e28,0x00000000e2b00000)
 Metaspace       used 20013K, capacity 21200K, committed 21296K, reserved 1067008K
  class space    used 2485K, capacity 2849K, committed 2944K, reserved 1048576K
}
Event: 2.504 GC heap before
{Heap before GC invocations=7 (full 1):
 PSYoungGen      total 72704K, used 3776K [0x00000000f5580000, 0x00000000fa380000, 0x0000000100000000)
  eden space 65536K, 0% used [0x00000000f5580000,0x00000000f5580000,0x00000000f9580000)
  from space 7168K, 52% used [0x00000000f9c80000,0x00000000fa030000,0x00000000fa380000)
  to   space 7168K, 0% used [0x00000000f9580000,0x00000000f9580000,0x00000000f9c80000)
 ParOldGen       total 44032K, used 13383K [0x00000000e0000000, 0x00000000e2b00000, 0x00000000f5580000)
  object space 44032K, 30% used [0x00000000e0000000,0x00000000e0d11e28,0x00000000e2b00000)
 Metaspace       used 20013K, capacity 21200K, committed 21296K, reserved 1067008K
  class space    used 2485K, capacity 2849K, committed 2944K, reserved 1048576K
Event: 2.567 GC heap after
Heap after GC invocations=7 (full 1):
 PSYoungGen      total 72704K, used 0K [0x00000000f5580000, 0x00000000fa380000, 0x0000000100000000)
  eden space 65536K, 0% used [0x00000000f5580000,0x00000000f5580000,0x00000000f9580000)
  from space 7168K, 0% used [0x00000000f9c80000,0x00000000f9c80000,0x00000000fa380000)
  to   space 7168K, 0% used [0x00000000f9580000,0x00000000f9580000,0x00000000f9c80000)
 ParOldGen       total 43520K, used 13728K [0x00000000e0000000, 0x00000000e2a80000, 0x00000000f5580000)
  object space 43520K, 31% used [0x00000000e0000000,0x00000000e0d68070,0x00000000e2a80000)
 Metaspace       used 20011K, capacity 21194K, committed 21296K, reserved 1067008K
  class space    used 2484K, capacity 2847K, committed 2944K, reserved 1048576K
}

